<?xml version="1.0" encoding="UTF-8"?>
<!-- Generated by org.testng.reporters.JUnitReportReporter -->
<testsuite hostname="IN-PG01GE9Z" failures="0" tests="2" name="testCases.submittedTicketPage" time="102.661" errors="0" timestamp="2024-12-09T18:48:09 EST" skipped="0">
  <testcase classname="testCases.submittedTicketPage" name="validatingUserIsAbleToFillDetailsAndSubmitInOrderGuideNextPage" time="49.926"/>
  <system-out/>
  <testcase classname="testCases.submittedTicketPage" name="validatingUserIsAbleToFillDetailsAndSubmitInOrderGuideNextPage" time="52.735"/>
  <system-out/>
</testsuite> <!-- testCases.submittedTicketPage -->
